[2026-02-12 10:32:05,587] [INFO] django.utils.autoreload - Watching for file changes with StatReloader
[2026-02-12 10:32:08,093] [INFO] dashboard.views - Login : KImDoyoung
[2026-02-12 10:32:12,455] [WARNING] django.request - Not Found: /.well-known/appspecific/com.chrome.devtools.json
[2026-02-12 10:35:34,919] [INFO] django.utils.autoreload - Watching for file changes with StatReloader
[2026-02-12 10:35:39,963] [INFO] dashboard.views - Login : KImDoyoung
[2026-02-12 10:35:43,444] [WARNING] django.request - Not Found: /.well-known/appspecific/com.chrome.devtools.json
[2026-02-12 10:35:48,273] [WARNING] django.request - Not Found: /departments/fetch-test/
[2026-02-12 10:35:49,434] [WARNING] django.request - Not Found: /departments/fetch-test/
[2026-02-12 10:35:50,182] [WARNING] django.request - Not Found: /departments/fetch-test/
[2026-02-12 10:36:06,678] [WARNING] django.request - Not Found: /.well-known/appspecific/com.chrome.devtools.json
[2026-02-12 10:36:06,743] [WARNING] django.request - Not Found: /.well-known/appspecific/com.chrome.devtools.json
[2026-02-12 10:36:09,770] [WARNING] django.request - Not Found: /.well-known/appspecific/com.chrome.devtools.json
[2026-02-12 10:36:13,021] [WARNING] django.request - Not Found: /departments/fetch-test/
[2026-02-12 10:36:13,902] [WARNING] django.request - Not Found: /departments/fetch-test/
[2026-02-12 10:40:18,150] [INFO] django.utils.autoreload - Watching for file changes with StatReloader
[2026-02-12 10:40:24,294] [INFO] dashboard.views - Login : KImDoyoung
[2026-02-12 10:40:27,424] [WARNING] django.request - Not Found: /.well-known/appspecific/com.chrome.devtools.json
[2026-02-12 10:40:31,019] [WARNING] django.request - Not Found: /.well-known/appspecific/com.chrome.devtools.json
[2026-02-12 10:40:32,165] [INFO] departments.views - fetch_sleep in
[2026-02-12 10:40:33,945] [INFO] departments.views - fetch_live in
[2026-02-12 10:40:34,859] [INFO] departments.views - fetch_live in
[2026-02-12 10:40:36,477] [INFO] departments.views - fetch_live in
[2026-02-12 11:01:11,422] [WARNING] django.request - Not Found: /.well-known/appspecific/com.chrome.devtools.json
[2026-02-12 11:01:19,916] [WARNING] django.request - Not Found: /employees/search-ㅣㅑㄴㅅ/
[2026-02-12 11:01:20,032] [WARNING] django.request - Not Found: /.well-known/appspecific/com.chrome.devtools.json
[2026-02-12 11:01:26,225] [WARNING] django.request - Not Found: /.well-known/appspecific/com.chrome.devtools.json
[2026-02-12 11:09:48,360] [INFO] django.utils.autoreload - Watching for file changes with StatReloader
[2026-02-12 11:17:35,084] [WARNING] django.request - Not Found: /employees/search-ㅣㅑㄴㅅ/
[2026-02-12 11:25:12,716] [WARNING] django.request - Not Found: /employees/search-list/{5 static 'js/employees.js' %}
[2026-02-12 11:25:14,463] [WARNING] django.request - Not Found: /employees/search-list/{5 static 'js/employees.js' %}
[2026-02-12 11:26:21,661] [INFO] django.utils.autoreload - Watching for file changes with StatReloader
[2026-02-12 11:26:23,214] [INFO] dashboard.views - Login : KImDoyoung
[2026-02-12 11:26:39,261] [WARNING] django.request - Not Found: /employees/search-list/{5 static 'js/employees.js' %}
[2026-02-12 11:26:42,525] [WARNING] django.request - Not Found: /employees/search-list/{5 static 'js/employees.js' %}
[2026-02-12 11:26:44,984] [WARNING] django.request - Not Found: /employees/search-list/{5 static 'js/employees.js' %}
[2026-02-12 11:26:48,023] [WARNING] django.request - Not Found: /employees/search-list/{5 static 'js/employees.js' %}
[2026-02-12 11:27:10,139] [WARNING] django.request - Not Found: /employees/search-list/{5 static 'js/employees.js' %}
[2026-02-12 11:27:12,100] [WARNING] django.request - Not Found: /employees/search-list/{5 static 'js/employees.js' %}
[2026-02-12 11:27:13,926] [WARNING] django.request - Not Found: /employees/search-list/{5 static 'js/employees.js' %}
[2026-02-12 11:27:15,598] [WARNING] django.request - Not Found: /employees/search-list/{5 static 'js/employees.js' %}
[2026-02-12 11:27:17,326] [WARNING] django.request - Not Found: /employees/search-list/{5 static 'js/employees.js' %}
[2026-02-12 11:27:19,380] [WARNING] django.request - Not Found: /employees/search-list/{5 static 'js/employees.js' %}
[2026-02-12 11:27:21,031] [WARNING] django.request - Not Found: /employees/search-list/{5 static 'js/employees.js' %}
[2026-02-12 11:43:57,484] [WARNING] django.request - Not Found: /.well-known/appspecific/com.chrome.devtools.json
[2026-02-12 11:43:59,324] [WARNING] django.request - Not Found: /.well-known/appspecific/com.chrome.devtools.json
[2026-02-12 13:54:05,978] [INFO] django.utils.autoreload - Watching for file changes with StatReloader
